[Tue 17 Apr 07:19:49] DEBUG info(3): loaded file: script/alphaserv/core/logging.lua
[Tue 17 Apr 07:19:49] DEBUG info(3): loaded file: script/alphaserv/core/auth/directory.lua
[Tue 17 Apr 07:19:49] DEBUG info(3): loaded file: script/alphaserv/core/auth/client.lua
[Tue 17 Apr 07:19:49] DEBUG info(3): loaded file: script/alphaserv/core/auth/core.lua
[Tue 17 Apr 07:19:49] DEBUG info(3): loaded file: conf/defaults.lua
[Tue 17 Apr 07:19:49] DEBUG info(3): loaded file: script/alphaserv/packages/messages_L/messages.lua
[Tue 17 Apr 07:19:49] DEBUG info(3): loaded file: script/alphaserv/packages/auth_L/auth.lua
[Tue 17 Apr 07:19:49] DEBUG info(3): loaded file: script/alphaserv/packages/auth_L/auto_master.lua
[Tue 17 Apr 07:19:49] DEBUG info(3): loaded file: script/alphaserv/packages/auth_L/setmaster_1.lua
[Tue 17 Apr 07:19:49] DEBUG info(3): loaded file: script/alphaserv/packages/auth_L/alphaserv_db_auth.lua
[Tue 17 Apr 07:19:49] DEBUG info(3): loaded file: script/alphaserv/packages/spec_control_L/lock_spec.lua
[Tue 17 Apr 07:19:49] DEBUG info(3): loaded file: script/alphaserv/packages/protect_L/protect.lua
[Tue 17 Apr 07:19:49] DEBUG info(3): loaded file: conf/core.lua
[Tue 17 Apr 07:20:00] DEBUG info(3): Checking locks for player 0
[Tue 17 Apr 07:20:00] DEBUG info(3): unspecing 0
[Tue 17 Apr 07:20:04] DEBUG info(3): Checking locks for player 0
[Tue 17 Apr 07:20:04] DEBUG info(3): Checking locks for player 0
[Tue 17 Apr 07:20:04] DEBUG info(3): unsepecing 0
[Tue 17 Apr 07:20:04] DEBUG info(3): Checking locks for player 0
[Tue 17 Apr 07:20:48] DEBUG info(3): loaded file: script/alphaserv/core/logging.lua
[Tue 17 Apr 07:20:48] DEBUG info(3): loaded file: script/alphaserv/core/auth/directory.lua
[Tue 17 Apr 07:20:48] DEBUG info(3): loaded file: script/alphaserv/core/auth/client.lua
[Tue 17 Apr 07:20:48] DEBUG info(3): loaded file: script/alphaserv/core/auth/core.lua
[Tue 17 Apr 07:20:48] DEBUG info(3): loaded file: conf/defaults.lua
[Tue 17 Apr 07:20:48] DEBUG info(3): loaded file: script/alphaserv/packages/messages_L/messages.lua
[Tue 17 Apr 07:20:48] DEBUG info(3): loaded file: script/alphaserv/packages/auth_L/auth.lua
[Tue 17 Apr 07:20:48] DEBUG info(3): loaded file: script/alphaserv/packages/auth_L/auto_master.lua
[Tue 17 Apr 07:20:48] DEBUG info(3): loaded file: script/alphaserv/packages/auth_L/setmaster_1.lua
[Tue 17 Apr 07:20:48] DEBUG info(3): loaded file: script/alphaserv/packages/auth_L/alphaserv_db_auth.lua
[Tue 17 Apr 07:20:48] DEBUG info(3): loaded file: script/alphaserv/packages/spec_control_L/lock_spec.lua
[Tue 17 Apr 07:20:48] DEBUG info(3): loaded file: script/alphaserv/packages/protect_L/protect.lua
[Tue 17 Apr 07:21:19] DEBUG info(3): loaded file: script/alphaserv/core/logging.lua
[Tue 17 Apr 07:21:19] DEBUG info(3): loaded file: script/alphaserv/core/auth/directory.lua
[Tue 17 Apr 07:21:19] DEBUG info(3): loaded file: script/alphaserv/core/auth/client.lua
[Tue 17 Apr 07:21:19] DEBUG info(3): loaded file: script/alphaserv/core/auth/core.lua
[Tue 17 Apr 07:21:19] DEBUG info(3): loaded file: conf/defaults.lua
[Tue 17 Apr 07:21:19] DEBUG info(3): loaded file: script/alphaserv/packages/messages_L/messages.lua
[Tue 17 Apr 07:21:19] DEBUG info(3): loaded file: script/alphaserv/packages/auth_L/auth.lua
[Tue 17 Apr 07:21:19] DEBUG info(3): loaded file: script/alphaserv/packages/auth_L/auto_master.lua
[Tue 17 Apr 07:21:19] DEBUG info(3): loaded file: script/alphaserv/packages/auth_L/setmaster_1.lua
[Tue 17 Apr 07:21:19] DEBUG info(3): loaded file: script/alphaserv/packages/auth_L/alphaserv_db_auth.lua
[Tue 17 Apr 07:21:19] DEBUG info(3): loaded file: script/alphaserv/packages/spec_control_L/lock_spec.lua
[Tue 17 Apr 07:21:19] DEBUG info(3): loaded file: script/alphaserv/packages/protect_L/protect.lua
[Tue 17 Apr 07:21:37] DEBUG info(3): loaded file: script/alphaserv/core/logging.lua
[Tue 17 Apr 07:21:37] DEBUG info(3): loaded file: script/alphaserv/core/auth/directory.lua
[Tue 17 Apr 07:21:37] DEBUG info(3): loaded file: script/alphaserv/core/auth/client.lua
[Tue 17 Apr 07:21:37] DEBUG info(3): loaded file: script/alphaserv/core/auth/core.lua
[Tue 17 Apr 07:21:37] DEBUG info(3): loaded file: conf/defaults.lua
[Tue 17 Apr 07:21:37] DEBUG info(3): loaded file: script/alphaserv/packages/messages_L/messages.lua
[Tue 17 Apr 07:21:37] DEBUG info(3): loaded file: script/alphaserv/packages/auth_L/auth.lua
[Tue 17 Apr 07:21:37] DEBUG info(3): loaded file: script/alphaserv/packages/auth_L/auto_master.lua
[Tue 17 Apr 07:21:37] DEBUG info(3): loaded file: script/alphaserv/packages/auth_L/setmaster_1.lua
[Tue 17 Apr 07:21:37] DEBUG info(3): loaded file: script/alphaserv/packages/auth_L/alphaserv_db_auth.lua
[Tue 17 Apr 07:21:37] DEBUG info(3): loaded file: script/alphaserv/packages/spec_control_L/lock_spec.lua
[Tue 17 Apr 07:21:37] DEBUG info(3): loaded file: script/alphaserv/packages/protect_L/protect.lua
[Tue 17 Apr 07:21:37] DEBUG info(3): loaded file: script/alphaserv/packages/command_L/core.lua
[Tue 17 Apr 07:21:37] DEBUG info(3): loaded file: conf/core.lua
[Tue 17 Apr 07:21:44] DEBUG info(3): Checking locks for player 0
[Tue 17 Apr 07:21:44] DEBUG info(3): unspecing 0
[Tue 17 Apr 07:21:46] DEBUG info(3): Checking locks for player 0
[Tue 17 Apr 07:21:46] DEBUG info(3): Checking locks for player 0
[Tue 17 Apr 07:21:46] DEBUG info(3): unsepecing 0
[Tue 17 Apr 07:21:46] DEBUG info(3): Checking locks for player 0
[Tue 17 Apr 07:23:07] DEBUG info(3): loaded file: script/alphaserv/core/logging.lua
[Tue 17 Apr 07:23:07] DEBUG info(3): loaded file: script/alphaserv/core/auth/directory.lua
[Tue 17 Apr 07:23:07] DEBUG info(3): loaded file: script/alphaserv/core/auth/client.lua
[Tue 17 Apr 07:23:07] DEBUG info(3): loaded file: script/alphaserv/core/auth/core.lua
[Tue 17 Apr 07:23:07] DEBUG info(3): loaded file: conf/defaults.lua
[Tue 17 Apr 07:23:07] DEBUG info(3): loaded file: script/alphaserv/packages/messages_L/messages.lua
[Tue 17 Apr 07:23:07] DEBUG info(3): loaded file: script/alphaserv/packages/auth_L/auth.lua
[Tue 17 Apr 07:23:07] DEBUG info(3): loaded file: script/alphaserv/packages/auth_L/auto_master.lua
[Tue 17 Apr 07:23:07] DEBUG info(3): loaded file: script/alphaserv/packages/auth_L/setmaster_1.lua
[Tue 17 Apr 07:23:07] DEBUG info(3): loaded file: script/alphaserv/packages/auth_L/alphaserv_db_auth.lua
[Tue 17 Apr 07:23:07] DEBUG info(3): loaded file: script/alphaserv/packages/spec_control_L/lock_spec.lua
[Tue 17 Apr 07:23:07] DEBUG info(3): loaded file: script/alphaserv/packages/protect_L/protect.lua
[Tue 17 Apr 07:23:07] DEBUG info(3): loaded file: script/alphaserv/packages/command_L/core.lua
[Tue 17 Apr 07:23:07] DEBUG info(3): loaded file: conf/core.lua
[Tue 17 Apr 07:23:13] DEBUG info(3): Checking locks for player 0
[Tue 17 Apr 07:23:13] DEBUG info(3): unspecing 0
[Tue 17 Apr 07:23:17] DEBUG info(3): Checking locks for player 0
[Tue 17 Apr 07:23:17] DEBUG info(3): Checking locks for player 0
[Tue 17 Apr 07:23:17] DEBUG info(3): unsepecing 0
[Tue 17 Apr 07:23:17] DEBUG info(3): Checking locks for player 0
[Tue 17 Apr 07:23:54] DEBUG info(3): loaded file: script/alphaserv/core/logging.lua
[Tue 17 Apr 07:23:54] DEBUG info(3): loaded file: script/alphaserv/core/auth/directory.lua
[Tue 17 Apr 07:23:54] DEBUG info(3): loaded file: script/alphaserv/core/auth/client.lua
[Tue 17 Apr 07:23:54] DEBUG info(3): loaded file: script/alphaserv/core/auth/core.lua
[Tue 17 Apr 07:23:54] DEBUG info(3): loaded file: conf/defaults.lua
[Tue 17 Apr 07:23:54] DEBUG info(3): loaded file: script/alphaserv/packages/messages_L/messages.lua
[Tue 17 Apr 07:23:54] DEBUG info(3): loaded file: script/alphaserv/packages/auth_L/auth.lua
[Tue 17 Apr 07:23:54] DEBUG info(3): loaded file: script/alphaserv/packages/auth_L/auto_master.lua
[Tue 17 Apr 07:23:54] DEBUG info(3): loaded file: script/alphaserv/packages/auth_L/setmaster_1.lua
[Tue 17 Apr 07:23:54] DEBUG info(3): loaded file: script/alphaserv/packages/auth_L/alphaserv_db_auth.lua
[Tue 17 Apr 07:23:54] DEBUG info(3): loaded file: script/alphaserv/packages/spec_control_L/lock_spec.lua
[Tue 17 Apr 07:23:54] DEBUG info(3): loaded file: script/alphaserv/packages/protect_L/protect.lua
[Tue 17 Apr 07:23:54] DEBUG info(3): loaded file: script/alphaserv/packages/command_L/core.lua
[Tue 17 Apr 07:23:54] DEBUG info(3): loaded file: conf/core.lua
[Tue 17 Apr 07:24:24] DEBUG info(3): loaded file: script/alphaserv/core/logging.lua
[Tue 17 Apr 07:24:24] DEBUG info(3): loaded file: script/alphaserv/core/auth/directory.lua
[Tue 17 Apr 07:24:24] DEBUG info(3): loaded file: script/alphaserv/core/auth/client.lua
[Tue 17 Apr 07:24:24] DEBUG info(3): loaded file: script/alphaserv/core/auth/core.lua
[Tue 17 Apr 07:24:24] DEBUG info(3): loaded file: conf/defaults.lua
[Tue 17 Apr 07:24:24] DEBUG info(3): loaded file: script/alphaserv/packages/messages_L/messages.lua
[Tue 17 Apr 07:24:24] DEBUG info(3): loaded file: script/alphaserv/packages/auth_L/auth.lua
[Tue 17 Apr 07:24:24] DEBUG info(3): loaded file: script/alphaserv/packages/auth_L/auto_master.lua
[Tue 17 Apr 07:24:24] DEBUG info(3): loaded file: script/alphaserv/packages/auth_L/setmaster_1.lua
[Tue 17 Apr 07:24:24] DEBUG info(3): loaded file: script/alphaserv/packages/auth_L/alphaserv_db_auth.lua
[Tue 17 Apr 07:24:24] DEBUG info(3): loaded file: script/alphaserv/packages/spec_control_L/lock_spec.lua
[Tue 17 Apr 07:24:24] DEBUG info(3): loaded file: script/alphaserv/packages/protect_L/protect.lua
[Tue 17 Apr 07:24:24] DEBUG info(3): loaded file: script/alphaserv/packages/command_L/core.lua
[Tue 17 Apr 07:24:24] DEBUG info(3): loaded file: conf/core.lua
[Tue 17 Apr 07:24:27] DEBUG info(3): Checking locks for player 0
[Tue 17 Apr 07:24:27] DEBUG info(3): unspecing 0
[Tue 17 Apr 07:25:38] DEBUG info(3): loaded file: script/alphaserv/core/logging.lua
[Tue 17 Apr 07:25:38] DEBUG info(3): loaded file: script/alphaserv/core/auth/directory.lua
[Tue 17 Apr 07:25:38] DEBUG info(3): loaded file: script/alphaserv/core/auth/client.lua
[Tue 17 Apr 07:25:38] DEBUG info(3): loaded file: script/alphaserv/core/auth/core.lua
[Tue 17 Apr 07:25:38] DEBUG info(3): loaded file: conf/defaults.lua
[Tue 17 Apr 07:25:38] DEBUG info(3): loaded file: script/alphaserv/packages/messages_L/messages.lua
[Tue 17 Apr 07:25:38] DEBUG info(3): loaded file: script/alphaserv/packages/auth_L/auth.lua
[Tue 17 Apr 07:25:38] DEBUG info(3): loaded file: script/alphaserv/packages/auth_L/auto_master.lua
[Tue 17 Apr 07:25:38] DEBUG info(3): loaded file: script/alphaserv/packages/auth_L/setmaster_1.lua
[Tue 17 Apr 07:25:38] DEBUG info(3): loaded file: script/alphaserv/packages/auth_L/alphaserv_db_auth.lua
[Tue 17 Apr 07:25:38] DEBUG info(3): loaded file: script/alphaserv/packages/spec_control_L/lock_spec.lua
[Tue 17 Apr 07:25:38] DEBUG info(3): loaded file: script/alphaserv/packages/protect_L/protect.lua
[Tue 17 Apr 07:25:38] DEBUG info(3): loaded file: script/alphaserv/packages/command_L/core.lua
[Tue 17 Apr 07:25:38] DEBUG info(3): loaded file: conf/core.lua
[Tue 17 Apr 07:25:58] DEBUG info(3): loaded file: script/alphaserv/core/logging.lua
[Tue 17 Apr 07:25:58] DEBUG info(3): loaded file: script/alphaserv/core/auth/directory.lua
[Tue 17 Apr 07:25:58] DEBUG info(3): loaded file: script/alphaserv/core/auth/client.lua
[Tue 17 Apr 07:25:58] DEBUG info(3): loaded file: script/alphaserv/core/auth/core.lua
[Tue 17 Apr 07:25:58] DEBUG info(3): loaded file: conf/defaults.lua
[Tue 17 Apr 07:25:58] DEBUG info(3): loaded file: script/alphaserv/packages/messages_L/messages.lua
[Tue 17 Apr 07:25:58] DEBUG info(3): loaded file: script/alphaserv/packages/auth_L/auth.lua
[Tue 17 Apr 07:25:58] DEBUG info(3): loaded file: script/alphaserv/packages/auth_L/auto_master.lua
[Tue 17 Apr 07:25:58] DEBUG info(3): loaded file: script/alphaserv/packages/auth_L/setmaster_1.lua
[Tue 17 Apr 07:25:58] DEBUG info(3): loaded file: script/alphaserv/packages/auth_L/alphaserv_db_auth.lua
[Tue 17 Apr 07:25:58] DEBUG info(3): loaded file: script/alphaserv/packages/spec_control_L/lock_spec.lua
[Tue 17 Apr 07:25:58] DEBUG info(3): loaded file: script/alphaserv/packages/protect_L/protect.lua
[Tue 17 Apr 07:25:58] DEBUG info(3): loaded file: script/alphaserv/packages/command_L/core.lua
[Tue 17 Apr 07:25:58] DEBUG info(3): loaded file: conf/core.lua
[Tue 17 Apr 07:26:01] DEBUG info(3): Checking locks for player 0
[Tue 17 Apr 07:26:01] DEBUG info(3): unspecing 0
[Tue 17 Apr 20:14:57] DEBUG info(3): loaded file: script/alphaserv/core/logging.lua
[Tue 17 Apr 20:14:57] DEBUG info(3): loaded file: script/alphaserv/core/auth/directory.lua
[Tue 17 Apr 20:14:57] DEBUG info(3): loaded file: script/alphaserv/core/auth/client.lua
[Tue 17 Apr 20:14:57] DEBUG info(3): loaded file: script/alphaserv/core/auth/core.lua
[Tue 17 Apr 20:14:57] DEBUG info(3): loaded file: conf/defaults.lua
[Tue 17 Apr 20:14:57] DEBUG info(3): loaded file: script/alphaserv/packages/messages_L/messages.lua
[Tue 17 Apr 20:14:57] DEBUG info(3): loaded file: script/alphaserv/packages/auth_L/auth.lua
[Tue 17 Apr 20:14:57] DEBUG info(3): loaded file: script/alphaserv/packages/auth_L/auto_master.lua
[Tue 17 Apr 20:14:57] DEBUG info(3): loaded file: script/alphaserv/packages/auth_L/setmaster_1.lua
[Tue 17 Apr 20:14:57] DEBUG info(3): loaded file: script/alphaserv/packages/auth_L/alphaserv_db_auth.lua
[Tue 17 Apr 20:14:57] DEBUG info(3): loaded file: script/alphaserv/packages/spec_control_L/lock_spec.lua
[Tue 17 Apr 20:14:57] DEBUG info(3): loaded file: script/alphaserv/packages/protect_L/protect.lua
[Tue 17 Apr 20:14:57] DEBUG info(3): loaded file: script/alphaserv/packages/command_L/core.lua
[Tue 17 Apr 20:14:57] DEBUG info(3): loaded file: conf/core.lua
[Tue 17 Apr 20:15:03] DEBUG info(3): Checking locks for player 0
[Tue 17 Apr 20:15:03] DEBUG info(3): unspecing 0
[Tue 17 Apr 20:15:07] DEBUG info(3): Checking locks for player 0
[Tue 17 Apr 20:15:07] DEBUG info(3): Checking locks for player 0
[Tue 17 Apr 20:15:07] DEBUG info(3): unsepecing 0
[Tue 17 Apr 20:15:07] DEBUG info(3): Checking locks for player 0
[Tue 17 Apr 20:25:00] DEBUG info(3): loaded file: script/alphaserv/core/logging.lua
[Tue 17 Apr 20:25:00] DEBUG info(3): loaded file: script/alphaserv/core/auth/directory.lua
[Tue 17 Apr 20:25:00] DEBUG info(3): loaded file: script/alphaserv/core/auth/client.lua
[Tue 17 Apr 20:25:00] DEBUG info(3): loaded file: script/alphaserv/core/auth/core.lua
[Tue 17 Apr 20:25:00] DEBUG info(3): loaded file: conf/defaults.lua
[Tue 17 Apr 20:25:00] DEBUG info(3): loaded file: script/alphaserv/packages/messages_L/messages.lua
[Tue 17 Apr 20:25:00] DEBUG info(3): loaded file: script/alphaserv/packages/auth_L/auth.lua
[Tue 17 Apr 20:25:00] DEBUG info(3): loaded file: script/alphaserv/packages/auth_L/auto_master.lua
[Tue 17 Apr 20:25:00] DEBUG info(3): loaded file: script/alphaserv/packages/auth_L/setmaster_1.lua
[Tue 17 Apr 20:25:00] DEBUG info(3): loaded file: script/alphaserv/packages/auth_L/alphaserv_db_auth.lua
[Tue 17 Apr 20:25:00] DEBUG info(3): loaded file: script/alphaserv/packages/spec_control_L/lock_spec.lua
[Tue 17 Apr 20:25:00] DEBUG info(3): loaded file: script/alphaserv/packages/protect_L/protect.lua
[Tue 17 Apr 20:25:00] DEBUG info(3): loaded file: script/alphaserv/packages/command_L/core.lua
[Tue 17 Apr 20:25:00] DEBUG info(3): loaded file: conf/core.lua
[Tue 17 Apr 20:25:10] DEBUG info(3): Checking locks for player 0
[Tue 17 Apr 20:25:10] DEBUG info(3): unspecing 0
[Tue 17 Apr 20:25:13] DEBUG info(3): Checking locks for player 1
[Tue 17 Apr 20:25:13] DEBUG info(3): unspecing 1
[Tue 17 Apr 20:25:26] DEBUG info(3): Checking locks for player 1
[Tue 17 Apr 20:25:26] DEBUG info(3): Checking locks for player 1
[Tue 17 Apr 20:25:26] DEBUG info(3): unsepecing 1
[Tue 17 Apr 20:25:26] DEBUG info(3): Checking locks for player 1
[Tue 17 Apr 20:25:55] DEBUG info(3): loaded file: script/alphaserv/core/logging.lua
[Tue 17 Apr 20:25:55] DEBUG info(3): loaded file: script/alphaserv/core/auth/directory.lua
[Tue 17 Apr 20:25:55] DEBUG info(3): loaded file: script/alphaserv/core/auth/client.lua
[Tue 17 Apr 20:25:55] DEBUG info(3): loaded file: script/alphaserv/core/auth/core.lua
[Tue 17 Apr 20:25:55] DEBUG info(3): loaded file: conf/defaults.lua
[Tue 17 Apr 20:25:55] DEBUG info(3): loaded file: script/alphaserv/packages/messages_L/messages.lua
[Tue 17 Apr 20:25:55] DEBUG info(3): loaded file: script/alphaserv/packages/auth_L/auth.lua
[Tue 17 Apr 20:25:55] DEBUG info(3): loaded file: script/alphaserv/packages/auth_L/auto_master.lua
[Tue 17 Apr 20:25:55] DEBUG info(3): loaded file: script/alphaserv/packages/auth_L/setmaster_1.lua
[Tue 17 Apr 20:25:55] DEBUG info(3): loaded file: script/alphaserv/packages/auth_L/alphaserv_db_auth.lua
[Tue 17 Apr 20:25:55] DEBUG info(3): loaded file: script/alphaserv/packages/spec_control_L/lock_spec.lua
[Tue 17 Apr 20:25:55] DEBUG info(3): loaded file: script/alphaserv/packages/protect_L/protect.lua
[Tue 17 Apr 20:25:55] DEBUG info(3): loaded file: script/alphaserv/packages/command_L/core.lua
[Tue 17 Apr 20:25:55] DEBUG info(3): loaded file: conf/core.lua
[Tue 17 Apr 20:26:01] DEBUG info(3): Checking locks for player 0
[Tue 17 Apr 20:26:01] DEBUG info(3): unspecing 0
[Tue 17 Apr 20:26:04] DEBUG info(3): Checking locks for player 0
[Tue 17 Apr 20:26:04] DEBUG info(3): Checking locks for player 0
[Tue 17 Apr 20:26:04] DEBUG info(3): unsepecing 0
[Tue 17 Apr 20:26:04] DEBUG info(3): Checking locks for player 0
[Tue 17 Apr 20:32:25] DEBUG info(3): loaded file: script/alphaserv/core/logging.lua
[Tue 17 Apr 20:32:25] DEBUG info(3): loaded file: script/alphaserv/core/auth/directory.lua
[Tue 17 Apr 20:32:25] DEBUG info(3): loaded file: script/alphaserv/core/auth/client.lua
[Tue 17 Apr 20:32:25] DEBUG info(3): loaded file: script/alphaserv/core/auth/core.lua
[Tue 17 Apr 20:32:25] DEBUG info(3): loaded file: conf/defaults.lua
[Tue 17 Apr 20:32:25] DEBUG info(3): loaded file: script/alphaserv/packages/messages_L/messages.lua
[Tue 17 Apr 20:32:25] DEBUG info(3): loaded file: script/alphaserv/packages/auth_L/auth.lua
[Tue 17 Apr 20:32:25] DEBUG info(3): loaded file: script/alphaserv/packages/auth_L/auto_master.lua
[Tue 17 Apr 20:32:25] DEBUG info(3): loaded file: script/alphaserv/packages/auth_L/setmaster_1.lua
[Tue 17 Apr 20:32:25] DEBUG info(3): loaded file: script/alphaserv/packages/auth_L/alphaserv_db_auth.lua
[Tue 17 Apr 20:32:25] DEBUG info(3): loaded file: script/alphaserv/packages/spec_control_L/lock_spec.lua
[Tue 17 Apr 20:32:25] DEBUG info(3): loaded file: script/alphaserv/packages/protect_L/protect.lua
[Tue 17 Apr 20:32:25] DEBUG info(3): loaded file: script/alphaserv/packages/command_L/core.lua
[Tue 17 Apr 20:32:25] DEBUG info(3): loaded file: conf/core.lua
[Tue 17 Apr 20:32:35] DEBUG info(3): Checking locks for player 0
[Tue 17 Apr 20:32:35] DEBUG info(3): unspecing 0
[Tue 17 Apr 20:32:38] DEBUG info(3): Checking locks for player 0
[Tue 17 Apr 20:32:38] DEBUG info(3): Checking locks for player 0
[Tue 17 Apr 20:32:38] DEBUG info(3): unsepecing 0
[Tue 17 Apr 20:32:38] DEBUG info(3): Checking locks for player 0
[Tue 17 Apr 20:33:56] DEBUG info(3): loaded file: script/alphaserv/core/logging.lua
[Tue 17 Apr 20:33:56] DEBUG info(3): loaded file: script/alphaserv/core/auth/directory.lua
[Tue 17 Apr 20:33:56] DEBUG info(3): loaded file: script/alphaserv/core/auth/client.lua
[Tue 17 Apr 20:33:56] DEBUG info(3): loaded file: script/alphaserv/core/auth/core.lua
[Tue 17 Apr 20:33:56] DEBUG info(3): loaded file: conf/defaults.lua
[Tue 17 Apr 20:33:56] DEBUG info(3): loaded file: script/alphaserv/packages/messages_L/messages.lua
[Tue 17 Apr 20:33:56] DEBUG info(3): loaded file: script/alphaserv/packages/auth_L/auth.lua
[Tue 17 Apr 20:33:56] DEBUG info(3): loaded file: script/alphaserv/packages/auth_L/auto_master.lua
[Tue 17 Apr 20:33:56] DEBUG info(3): loaded file: script/alphaserv/packages/auth_L/setmaster_1.lua
[Tue 17 Apr 20:33:56] DEBUG info(3): loaded file: script/alphaserv/packages/auth_L/alphaserv_db_auth.lua
[Tue 17 Apr 20:33:56] DEBUG info(3): loaded file: script/alphaserv/packages/spec_control_L/lock_spec.lua
[Tue 17 Apr 20:33:56] DEBUG info(3): loaded file: script/alphaserv/packages/protect_L/protect.lua
[Tue 17 Apr 20:33:56] DEBUG info(3): loaded file: script/alphaserv/packages/command_L/core.lua
[Tue 17 Apr 20:33:56] DEBUG info(3): loaded file: conf/core.lua
[Tue 17 Apr 20:34:02] DEBUG info(3): Checking locks for player 0
[Tue 17 Apr 20:34:02] DEBUG info(3): unspecing 0
[Tue 17 Apr 20:34:05] DEBUG info(3): Checking locks for player 0
[Tue 17 Apr 20:34:05] DEBUG info(3): Checking locks for player 0
[Tue 17 Apr 20:34:05] DEBUG info(3): unsepecing 0
[Tue 17 Apr 20:34:05] DEBUG info(3): Checking locks for player 0
