| sucessfully loaded geoip db file
Game server socket listening on UDP 0.0.0.0:28785
Game info socket listening on UDP 0.0.0.0:28786
-> Successfully loaded 19 scripts
=> memory usage: 399Kb (347Kb on init) diff: 52Kb
dedicated server started, waiting for clients...
*READY*

client connected (192.168.0.103)
client traffic: 1 remote clients, 0.1 send, 0.9 rec (KiB/s)
info traffic: 30 queries/sec 0.01 send, 0.00 rec (KiB/s)
client traffic: 1 remote clients, 0.1 send, 1.0 rec (KiB/s)
info traffic: 29 queries/sec 0.01 send, 0.00 rec (KiB/s)
client traffic: 1 remote clients, 0.1 send, 1.0 rec (KiB/s)
info traffic: 29 queries/sec 0.01 send, 0.00 rec (KiB/s)
client traffic: 1 remote clients, 0.1 send, 1.0 rec (KiB/s)
info traffic: 30 queries/sec 0.01 send, 0.00 rec (KiB/s)
client traffic: 1 remote clients, 0.1 send, 1.0 rec (KiB/s)
info traffic: 28 queries/sec 0.01 send, 0.00 rec (KiB/s)
client traffic: 1 remote clients, 0.1 send, 1.0 rec (KiB/s)
info traffic: 29 queries/sec 0.01 send, 0.00 rec (KiB/s)
client traffic: 1 remote clients, 0.1 send, 1.0 rec (KiB/s)
info traffic: 44 queries/sec 0.01 send, 0.00 rec (KiB/s)
disconnected client (192.168.0.103)
client traffic: 0 remote clients, 0.1 send, 0.9 rec (KiB/s)
info traffic: 210 queries/sec 0.08 send, 0.02 rec (KiB/s)
info traffic: 30 queries/sec 0.01 send, 0.00 rec (KiB/s)
info traffic: 28 queries/sec 0.01 send, 0.00 rec (KiB/s)
info traffic: 39 queries/sec 0.01 send, 0.00 rec (KiB/s)
info traffic: 28 queries/sec 0.01 send, 0.00 rec (KiB/s)
info traffic: 30 queries/sec 0.01 send, 0.00 rec (KiB/s)
info traffic: 30 queries/sec 0.01 send, 0.00 rec (KiB/s)
info traffic: 33 queries/sec 0.01 send, 0.00 rec (KiB/s)
info traffic: 39 queries/sec 0.01 send, 0.00 rec (KiB/s)
info traffic: 30 queries/sec 0.01 send, 0.00 rec (KiB/s)
info traffic: 30 queries/sec 0.01 send, 0.00 rec (KiB/s)
info traffic: 33 queries/sec 0.01 send, 0.00 rec (KiB/s)
info traffic: 30 queries/sec 0.01 send, 0.00 rec (KiB/s)
info traffic: 30 queries/sec 0.01 send, 0.00 rec (KiB/s)
info traffic: 29 queries/sec 0.01 send, 0.00 rec (KiB/s)
info traffic: 28 queries/sec 0.01 send, 0.00 rec (KiB/s)
info traffic: 30 queries/sec 0.01 send, 0.00 rec (KiB/s)
info traffic: 28 queries/sec 0.01 send, 0.00 rec (KiB/s)
info traffic: 28 queries/sec 0.01 send, 0.00 rec (KiB/s)
info traffic: 30 queries/sec 0.01 send, 0.00 rec (KiB/s)
info traffic: 27 queries/sec 0.01 send, 0.00 rec (KiB/s)
info traffic: 30 queries/sec 0.01 send, 0.00 rec (KiB/s)
info traffic: 30 queries/sec 0.01 send, 0.00 rec (KiB/s)
info traffic: 30 queries/sec 0.01 send, 0.00 rec (KiB/s)
info traffic: 28 queries/sec 0.01 send, 0.00 rec (KiB/s)
info traffic: 30 queries/sec 0.01 send, 0.00 rec (KiB/s)
info traffic: 28 queries/sec 0.01 send, 0.00 rec (KiB/s)
info traffic: 30 queries/sec 0.01 send, 0.00 rec (KiB/s)
info traffic: 33 queries/sec 0.01 send, 0.00 rec (KiB/s)
info traffic: 28 queries/sec 0.01 send, 0.00 rec (KiB/s)
info traffic: 30 queries/sec 0.01 send, 0.00 rec (KiB/s)
info traffic: 30 queries/sec 0.01 send, 0.00 rec (KiB/s)
info traffic: 26 queries/sec 0.01 send, 0.00 rec (KiB/s)
info traffic: 28 queries/sec 0.01 send, 0.00 rec (KiB/s)
info traffic: 30 queries/sec 0.01 send, 0.00 rec (KiB/s)
info traffic: 28 queries/sec 0.01 send, 0.00 rec (KiB/s)
info traffic: 38 queries/sec 0.01 send, 0.00 rec (KiB/s)
info traffic: 30 queries/sec 0.01 send, 0.00 rec (KiB/s)
info traffic: 28 queries/sec 0.01 send, 0.00 rec (KiB/s)
info traffic: 26 queries/sec 0.01 send, 0.00 rec (KiB/s)
info traffic: 30 queries/sec 0.01 send, 0.00 rec (KiB/s)
info traffic: 28 queries/sec 0.01 send, 0.00 rec (KiB/s)
info traffic: 28 queries/sec 0.01 send, 0.00 rec (KiB/s)
info traffic: 28 queries/sec 0.01 send, 0.00 rec (KiB/s)
info traffic: 28 queries/sec 0.01 send, 0.00 rec (KiB/s)
info traffic: 30 queries/sec 0.01 send, 0.00 rec (KiB/s)
info traffic: 28 queries/sec 0.01 send, 0.00 rec (KiB/s)
info traffic: 30 queries/sec 0.01 send, 0.00 rec (KiB/s)
info traffic: 28 queries/sec 0.01 send, 0.00 rec (KiB/s)
info traffic: 42 queries/sec 0.01 send, 0.00 rec (KiB/s)
info traffic: 34 queries/sec 0.01 send, 0.00 rec (KiB/s)
info traffic: 38 queries/sec 0.01 send, 0.00 rec (KiB/s)
info traffic: 37 queries/sec 0.01 send, 0.00 rec (KiB/s)
info traffic: 26 queries/sec 0.01 send, 0.00 rec (KiB/s)
info traffic: 28 queries/sec 0.01 send, 0.00 rec (KiB/s)
info traffic: 28 queries/sec 0.01 send, 0.00 rec (KiB/s)
info traffic: 37 queries/sec 0.01 send, 0.00 rec (KiB/s)
info traffic: 34 queries/sec 0.01 send, 0.00 rec